  GameScreenLevel1.cpp
C:\Users\s012515l\OneDrive - Staffordshire University\Games Engine Creation\GEC SEM 2\GEC-sem-2\MarioBaseProject\Character.h(29,114): warning C4244: 'argument': conversion from 'int' to 'float', possible loss of data
C:\Users\s012515l\OneDrive - Staffordshire University\Games Engine Creation\GEC SEM 2\GEC-sem-2\MarioBaseProject\Character.h(29,90): warning C4244: 'argument': conversion from 'int' to 'float', possible loss of data
C:\Users\s012515l\OneDrive - Staffordshire University\Games Engine Creation\GEC SEM 2\GEC-sem-2\MarioBaseProject\GameScreenLevel1.cpp(28,20): warning C4018: '<': signed/unsigned mismatch
C:\Users\s012515l\OneDrive - Staffordshire University\Games Engine Creation\GEC SEM 2\GEC-sem-2\MarioBaseProject\GameScreenLevel1.cpp(157,20): warning C4018: '<': signed/unsigned mismatch
  GameScreenManager.cpp
C:\Users\s012515l\OneDrive - Staffordshire University\Games Engine Creation\GEC SEM 2\GEC-sem-2\MarioBaseProject\Character.h(29,114): warning C4244: 'argument': conversion from 'int' to 'float', possible loss of data
C:\Users\s012515l\OneDrive - Staffordshire University\Games Engine Creation\GEC SEM 2\GEC-sem-2\MarioBaseProject\Character.h(29,90): warning C4244: 'argument': conversion from 'int' to 'float', possible loss of data
C:\Users\s012515l\OneDrive - Staffordshire University\Games Engine Creation\GEC SEM 2\GEC-sem-2\MarioBaseProject\GameScreenManager.cpp(47,14): warning C4553: '==': result of expression not used; did you intend '='?
  KoopaCharacter.cpp
C:\Users\s012515l\OneDrive - Staffordshire University\Games Engine Creation\GEC SEM 2\GEC-sem-2\MarioBaseProject\Character.h(29,114): warning C4244: 'argument': conversion from 'int' to 'float', possible loss of data
C:\Users\s012515l\OneDrive - Staffordshire University\Games Engine Creation\GEC SEM 2\GEC-sem-2\MarioBaseProject\Character.h(29,90): warning C4244: 'argument': conversion from 'int' to 'float', possible loss of data
C:\Users\s012515l\OneDrive - Staffordshire University\Games Engine Creation\GEC SEM 2\GEC-sem-2\MarioBaseProject\KoopaCharacter.cpp(11,44): warning C4244: '=': conversion from 'int' to 'float', possible loss of data
C:\Users\s012515l\OneDrive - Staffordshire University\Games Engine Creation\GEC SEM 2\GEC-sem-2\MarioBaseProject\KoopaCharacter.cpp(12,42): warning C4244: '=': conversion from 'int' to 'float', possible loss of data
C:\Users\s012515l\OneDrive - Staffordshire University\Games Engine Creation\GEC SEM 2\GEC-sem-2\MarioBaseProject\KoopaCharacter.cpp(39,11): warning C4244: 'initializing': conversion from 'float' to 'int', possible loss of data
C:\Users\s012515l\OneDrive - Staffordshire University\Games Engine Creation\GEC SEM 2\GEC-sem-2\MarioBaseProject\KoopaCharacter.cpp(44,10): warning C4244: '=': conversion from 'float' to 'int', possible loss of data
C:\Users\s012515l\OneDrive - Staffordshire University\Games Engine Creation\GEC SEM 2\GEC-sem-2\MarioBaseProject\KoopaCharacter.cpp(49,39): warning C4838: conversion from 'float' to 'int' requires a narrowing conversion
C:\Users\s012515l\OneDrive - Staffordshire University\Games Engine Creation\GEC SEM 2\GEC-sem-2\MarioBaseProject\KoopaCharacter.cpp(49,39): warning C4244: 'initializing': conversion from 'float' to 'int', possible loss of data
C:\Users\s012515l\OneDrive - Staffordshire University\Games Engine Creation\GEC SEM 2\GEC-sem-2\MarioBaseProject\KoopaCharacter.cpp(49,58): warning C4838: conversion from 'float' to 'int' requires a narrowing conversion
C:\Users\s012515l\OneDrive - Staffordshire University\Games Engine Creation\GEC SEM 2\GEC-sem-2\MarioBaseProject\KoopaCharacter.cpp(49,58): warning C4244: 'initializing': conversion from 'float' to 'int', possible loss of data
C:\Users\s012515l\OneDrive - Staffordshire University\Games Engine Creation\GEC SEM 2\GEC-sem-2\MarioBaseProject\KoopaCharacter.cpp(52,66): warning C4838: conversion from 'float' to 'int' requires a narrowing conversion
C:\Users\s012515l\OneDrive - Staffordshire University\Games Engine Creation\GEC SEM 2\GEC-sem-2\MarioBaseProject\KoopaCharacter.cpp(52,66): warning C4244: 'initializing': conversion from 'float' to 'int', possible loss of data
C:\Users\s012515l\OneDrive - Staffordshire University\Games Engine Creation\GEC SEM 2\GEC-sem-2\MarioBaseProject\KoopaCharacter.cpp(52,85): warning C4838: conversion from 'float' to 'int' requires a narrowing conversion
C:\Users\s012515l\OneDrive - Staffordshire University\Games Engine Creation\GEC SEM 2\GEC-sem-2\MarioBaseProject\KoopaCharacter.cpp(52,85): warning C4244: 'initializing': conversion from 'float' to 'int', possible loss of data
  Generating Code...
C:\Users\s012515l\OneDrive - Staffordshire University\Games Engine Creation\GEC SEM 2\GEC-sem-2\MarioBaseProject\GameScreenLevel1.cpp(123): warning C4715: 'GameScreenLevel1::SetUpLevel': not all control paths return a value
  MarioBaseProject.vcxproj -> C:\Users\s012515l\OneDrive - Staffordshire University\Games Engine Creation\GEC SEM 2\GEC-sem-2\MarioBaseProject\Debug\MarioBaseProject.exe
